0 info it worked if it ends with ok
1 verbose cli [ '/Users/devinjackson/.nvm/versions/node/v6.7.0/bin/node',
1 verbose cli   '/Users/devinjackson/.nvm/versions/node/v6.7.0/bin/npm',
1 verbose cli   'run',
1 verbose cli   'start' ]
2 info using npm@3.10.3
3 info using node@v6.7.0
4 verbose run-script [ 'prestart', 'start', 'poststart' ]
5 info lifecycle muscle-api@1.0.0~prestart: muscle-api@1.0.0
6 silly lifecycle muscle-api@1.0.0~prestart: no script for prestart, continuing
7 info lifecycle muscle-api@1.0.0~start: muscle-api@1.0.0
8 verbose lifecycle muscle-api@1.0.0~start: unsafe-perm in lifecycle true
9 verbose lifecycle muscle-api@1.0.0~start: PATH: /Users/devinjackson/.nvm/versions/node/v6.7.0/lib/node_modules/npm/bin/node-gyp-bin:/Users/devinjackson/Documents/muscle/api/node_modules/.bin:/Users/devinjackson/.nvm/versions/node/v6.7.0/bin:/Users/devinjackson/.rvm/gems/ruby-2.3.0/bin:/Users/devinjackson/.rvm/gems/ruby-2.3.0@global/bin:/Users/devinjackson/.rvm/rubies/ruby-2.3.0/bin:/Users/devinjackson/.nvm/versions/node/v6.7.0/bin:/Users/devinjackson/.npm-packages/bin:/Users/devinjackson/.npm-packages/bin:/Users/devinjackson/.rbenv/shims:/usr/local/bin:/usr/bin:/bin:/usr/sbin:/sbin:/usr/local/go/bin:/Users/devinjackson/.rvm/bin
10 verbose lifecycle muscle-api@1.0.0~start: CWD: /Users/devinjackson/Documents/muscle/api
11 silly lifecycle muscle-api@1.0.0~start: Args: [ '-c', 'node server.js' ]
12 silly lifecycle muscle-api@1.0.0~start: Returned: code: 1  signal: null
13 info lifecycle muscle-api@1.0.0~start: Failed to exec start script
14 verbose stack Error: muscle-api@1.0.0 start: `node server.js`
14 verbose stack Exit status 1
14 verbose stack     at EventEmitter.<anonymous> (/Users/devinjackson/.nvm/versions/node/v6.7.0/lib/node_modules/npm/lib/utils/lifecycle.js:242:16)
14 verbose stack     at emitTwo (events.js:106:13)
14 verbose stack     at EventEmitter.emit (events.js:191:7)
14 verbose stack     at ChildProcess.<anonymous> (/Users/devinjackson/.nvm/versions/node/v6.7.0/lib/node_modules/npm/lib/utils/spawn.js:40:14)
14 verbose stack     at emitTwo (events.js:106:13)
14 verbose stack     at ChildProcess.emit (events.js:191:7)
14 verbose stack     at maybeClose (internal/child_process.js:877:16)
14 verbose stack     at Process.ChildProcess._handle.onexit (internal/child_process.js:226:5)
15 verbose pkgid muscle-api@1.0.0
16 verbose cwd /Users/devinjackson/Documents/muscle/api
17 error Darwin 15.6.0
18 error argv "/Users/devinjackson/.nvm/versions/node/v6.7.0/bin/node" "/Users/devinjackson/.nvm/versions/node/v6.7.0/bin/npm" "run" "start"
19 error node v6.7.0
20 error npm  v3.10.3
21 error code ELIFECYCLE
22 error muscle-api@1.0.0 start: `node server.js`
22 error Exit status 1
23 error Failed at the muscle-api@1.0.0 start script 'node server.js'.
23 error Make sure you have the latest version of node.js and npm installed.
23 error If you do, this is most likely a problem with the muscle-api package,
23 error not with npm itself.
23 error Tell the author that this fails on your system:
23 error     node server.js
23 error You can get information on how to open an issue for this project with:
23 error     npm bugs muscle-api
23 error Or if that isn't available, you can get their info via:
23 error     npm owner ls muscle-api
23 error There is likely additional logging output above.
24 verbose exit [ 1, true ]
